<?xml version="1.0" encoding="UTF-8"?>
<testsuite name="com.example.springgumball.SpringGumballApplicationTests" tests="1" skipped="0" failures="0" errors="0" timestamp="2021-12-01T07:14:06" hostname="DESKTOP-6EIS8HK" time="0.706">
  <properties/>
  <testcase name="contextLoads()" classname="com.example.springgumball.SpringGumballApplicationTests" time="0.706"/>
  <system-out><![CDATA[23:14:02.871 [Test worker] DEBUG org.springframework.test.context.BootstrapUtils - Instantiating CacheAwareContextLoaderDelegate from class [org.springframework.test.context.cache.DefaultCacheAwareContextLoaderDelegate]
23:14:02.887 [Test worker] DEBUG org.springframework.test.context.BootstrapUtils - Instantiating BootstrapContext using constructor [public org.springframework.test.context.support.DefaultBootstrapContext(java.lang.Class,org.springframework.test.context.CacheAwareContextLoaderDelegate)]
23:14:02.930 [Test worker] DEBUG org.springframework.test.context.BootstrapUtils - Instantiating TestContextBootstrapper for test class [com.example.springgumball.SpringGumballApplicationTests] from class [org.springframework.boot.test.context.SpringBootTestContextBootstrapper]
23:14:02.944 [Test worker] INFO org.springframework.boot.test.context.SpringBootTestContextBootstrapper - Neither @ContextConfiguration nor @ContextHierarchy found for test class [com.example.springgumball.SpringGumballApplicationTests], using SpringBootContextLoader
23:14:02.955 [Test worker] DEBUG org.springframework.test.context.support.AbstractContextLoader - Did not detect default resource location for test class [com.example.springgumball.SpringGumballApplicationTests]: class path resource [com/example/springgumball/SpringGumballApplicationTests-context.xml] does not exist
23:14:02.956 [Test worker] DEBUG org.springframework.test.context.support.AbstractContextLoader - Did not detect default resource location for test class [com.example.springgumball.SpringGumballApplicationTests]: class path resource [com/example/springgumball/SpringGumballApplicationTestsContext.groovy] does not exist
23:14:02.956 [Test worker] INFO org.springframework.test.context.support.AbstractContextLoader - Could not detect default resource locations for test class [com.example.springgumball.SpringGumballApplicationTests]: no resource found for suffixes {-context.xml, Context.groovy}.
23:14:02.957 [Test worker] INFO org.springframework.test.context.support.AnnotationConfigContextLoaderUtils - Could not detect default configuration classes for test class [com.example.springgumball.SpringGumballApplicationTests]: SpringGumballApplicationTests does not declare any static, non-private, non-final, nested classes annotated with @Configuration.
23:14:03.008 [Test worker] DEBUG org.springframework.test.context.support.ActiveProfilesUtils - Could not find an 'annotation declaring class' for annotation type [org.springframework.test.context.ActiveProfiles] and class [com.example.springgumball.SpringGumballApplicationTests]
23:14:03.083 [Test worker] DEBUG org.springframework.context.annotation.ClassPathScanningCandidateComponentProvider - Identified candidate component class: file [C:\Users\rentu\Documents\Github\spring-gumball\build\classes\java\main\com\example\springgumball\SpringGumballApplication.class]
23:14:03.085 [Test worker] INFO org.springframework.boot.test.context.SpringBootTestContextBootstrapper - Found @SpringBootConfiguration com.example.springgumball.SpringGumballApplication for test class com.example.springgumball.SpringGumballApplicationTests
23:14:03.222 [Test worker] DEBUG org.springframework.boot.test.context.SpringBootTestContextBootstrapper - @TestExecutionListeners is not present for class [com.example.springgumball.SpringGumballApplicationTests]: using defaults.
23:14:03.223 [Test worker] INFO org.springframework.boot.test.context.SpringBootTestContextBootstrapper - Loaded default TestExecutionListener class names from location [META-INF/spring.factories]: [org.springframework.boot.test.autoconfigure.restdocs.RestDocsTestExecutionListener, org.springframework.boot.test.autoconfigure.web.client.MockRestServiceServerResetTestExecutionListener, org.springframework.boot.test.autoconfigure.web.servlet.MockMvcPrintOnlyOnFailureTestExecutionListener, org.springframework.boot.test.autoconfigure.web.servlet.WebDriverTestExecutionListener, org.springframework.boot.test.autoconfigure.webservices.client.MockWebServiceServerTestExecutionListener, org.springframework.boot.test.mock.mockito.MockitoTestExecutionListener, org.springframework.boot.test.mock.mockito.ResetMocksTestExecutionListener, org.springframework.test.context.web.ServletTestExecutionListener, org.springframework.test.context.support.DirtiesContextBeforeModesTestExecutionListener, org.springframework.test.context.event.ApplicationEventsTestExecutionListener, org.springframework.test.context.support.DependencyInjectionTestExecutionListener, org.springframework.test.context.support.DirtiesContextTestExecutionListener, org.springframework.test.context.transaction.TransactionalTestExecutionListener, org.springframework.test.context.jdbc.SqlScriptsTestExecutionListener, org.springframework.test.context.event.EventPublishingTestExecutionListener]
23:14:03.238 [Test worker] DEBUG org.springframework.boot.test.context.SpringBootTestContextBootstrapper - Skipping candidate TestExecutionListener [org.springframework.test.context.transaction.TransactionalTestExecutionListener] due to a missing dependency. Specify custom listener classes or make the default listener classes and their required dependencies available. Offending class: [org/springframework/transaction/interceptor/TransactionAttributeSource]
23:14:03.239 [Test worker] DEBUG org.springframework.boot.test.context.SpringBootTestContextBootstrapper - Skipping candidate TestExecutionListener [org.springframework.test.context.jdbc.SqlScriptsTestExecutionListener] due to a missing dependency. Specify custom listener classes or make the default listener classes and their required dependencies available. Offending class: [org/springframework/transaction/interceptor/TransactionAttribute]
23:14:03.239 [Test worker] INFO org.springframework.boot.test.context.SpringBootTestContextBootstrapper - Using TestExecutionListeners: [org.springframework.test.context.web.ServletTestExecutionListener@1992eaf4, org.springframework.test.context.support.DirtiesContextBeforeModesTestExecutionListener@f74e835, org.springframework.test.context.event.ApplicationEventsTestExecutionListener@3276732, org.springframework.boot.test.mock.mockito.MockitoTestExecutionListener@3f28bd56, org.springframework.boot.test.autoconfigure.SpringBootDependencyInjectionTestExecutionListener@31e3250d, org.springframework.test.context.support.DirtiesContextTestExecutionListener@19fe4644, org.springframework.test.context.event.EventPublishingTestExecutionListener@21d8bcbe, org.springframework.boot.test.autoconfigure.restdocs.RestDocsTestExecutionListener@5be067de, org.springframework.boot.test.autoconfigure.web.client.MockRestServiceServerResetTestExecutionListener@7383eae2, org.springframework.boot.test.autoconfigure.web.servlet.MockMvcPrintOnlyOnFailureTestExecutionListener@18245eb0, org.springframework.boot.test.autoconfigure.web.servlet.WebDriverTestExecutionListener@7c7d3c46, org.springframework.boot.test.autoconfigure.webservices.client.MockWebServiceServerTestExecutionListener@24fb6a80, org.springframework.boot.test.mock.mockito.ResetMocksTestExecutionListener@48c35007]
23:14:03.243 [Test worker] DEBUG org.springframework.test.context.support.AbstractDirtiesContextTestExecutionListener - Before test class: context [DefaultTestContext@267f474e testClass = SpringGumballApplicationTests, testInstance = [null], testMethod = [null], testException = [null], mergedContextConfiguration = [WebMergedContextConfiguration@7a7471ce testClass = SpringGumballApplicationTests, locations = '{}', classes = '{class com.example.springgumball.SpringGumballApplication}', contextInitializerClasses = '[]', activeProfiles = '{}', propertySourceLocations = '{}', propertySourceProperties = '{org.springframework.boot.test.context.SpringBootTestContextBootstrapper=true}', contextCustomizers = set[org.springframework.boot.test.autoconfigure.actuate.metrics.MetricsExportContextCustomizerFactory$DisableMetricExportContextCustomizer@2e6a5539, org.springframework.boot.test.autoconfigure.properties.PropertyMappingContextCustomizer@0, org.springframework.boot.test.autoconfigure.web.servlet.WebDriverContextCustomizerFactory$Customizer@68b32e3e, org.springframework.boot.test.context.filter.ExcludeFilterContextCustomizer@4f9a2c08, org.springframework.boot.test.json.DuplicateJsonObjectContextCustomizerFactory$DuplicateJsonObjectContextCustomizer@63787180, org.springframework.boot.test.mock.mockito.MockitoContextCustomizer@0, org.springframework.boot.test.web.client.TestRestTemplateContextCustomizer@7ca20101, org.springframework.boot.test.context.SpringBootTestArgs@1, org.springframework.boot.test.context.SpringBootTestWebEnvironment@2accdbb5], resourceBasePath = 'src/main/webapp', contextLoader = 'org.springframework.boot.test.context.SpringBootContextLoader', parent = [null]], attributes = map['org.springframework.test.context.web.ServletTestExecutionListener.activateListener' -> true]], class annotated with @DirtiesContext [false] with mode [null].
23:14:03.279 [Test worker] DEBUG org.springframework.test.context.support.TestPropertySourceUtils - Adding inlined properties to environment: {spring.jmx.enabled=false, org.springframework.boot.test.context.SpringBootTestContextBootstrapper=true}

  .   ____          _            __ _ _
 /\\ / ___'_ __ _ _(_)_ __  __ _ \ \ \ \
( ( )\___ | '_ | '_| | '_ \/ _` | \ \ \ \
 \\/  ___)| |_)| | | | | || (_| |  ) ) ) )
  '  |____| .__|_| |_|_| |_\__, | / / / /
 =========|_|==============|___/=/_/_/_/
 :: Spring Boot ::               (v2.4.11)

2021-11-30 23:14:03.589  INFO 5148 --- [    Test worker] c.e.s.SpringGumballApplicationTests      : Starting SpringGumballApplicationTests using Java 14.0.1 on DESKTOP-6EIS8HK with PID 5148 (started by rentu in C:\Users\rentu\Documents\Github\spring-gumball)
2021-11-30 23:14:03.594  INFO 5148 --- [    Test worker] c.e.s.SpringGumballApplicationTests      : No active profile set, falling back to default profiles: default
2021-11-30 23:14:06.085  INFO 5148 --- [    Test worker] c.e.s.SpringGumballApplicationTests      : Started SpringGumballApplicationTests in 2.796 seconds (JVM running for 4.241)
]]></system-out>
  <system-err><![CDATA[]]></system-err>
</testsuite>
